-------------------------------------------------------------------------------
Test set: br.com.alura.monitoramento.MonitoramentoApplicationTests
-------------------------------------------------------------------------------
Tests run: 1, Failures: 0, Errors: 1, Skipped: 0, Time elapsed: 0.343 s <<< FAILURE! - in br.com.alura.monitoramento.MonitoramentoApplicationTests
initializationError(br.com.alura.monitoramento.MonitoramentoApplicationTests)  Time elapsed: 0.006 s  <<< ERROR!
java.lang.IllegalStateException: Unable to find a @SpringBootConfiguration, you need to use @ContextConfiguration or @SpringBootTest(classes=...) with your test

