<?xml version="1.0" encoding="UTF-8"?>
<testsuite xmlns:xsi="http://www.w3.org/2001/XMLSchema-instance" xsi:noNamespaceSchemaLocation="https://maven.apache.org/surefire/maven-surefire-plugin/xsd/surefire-test-report.xsd" name="br.com.alura.monitoramento.MonitoramentoApplicationTests" time="0.343" tests="1" errors="1" skipped="0" failures="0">
  <properties>
[...]
</properties>
  <testcase name="initializationError" classname="br.com.alura.monitoramento.MonitoramentoApplicationTests" time="0.006">
    <error message="Unable to find a @SpringBootConfiguration, you need to use @ContextConfiguration or @SpringBootTest(classes=...) with your test" type="java.lang.IllegalStateException">java.lang.IllegalStateException: Unable to find a @SpringBootConfiguration, you need to use @ContextConfiguration or @SpringBootTest(classes=...) with your test
</error>
    <system-out><![CDATA[13:24:22.719 [main] DEBUG org.springframework.test.context.junit4.SpringJUnit4ClassRunner - SpringJUnit4ClassRunner constructor called with [class br.com.alura.monitoramento.MonitoramentoApplicationTests]
13:24:22.724 [main] DEBUG org.springframework.test.context.BootstrapUtils - Instantiating CacheAwareContextLoaderDelegate from class [org.springframework.test.context.cache.DefaultCacheAwareContextLoaderDelegate]
13:24:22.732 [main] DEBUG org.springframework.test.context.BootstrapUtils - Instantiating BootstrapContext using constructor [public org.springframework.test.context.support.DefaultBootstrapContext(java.lang.Class,org.springframework.test.context.CacheAwareContextLoaderDelegate)]
13:24:22.751 [main] DEBUG org.springframework.test.context.BootstrapUtils - Instantiating TestContextBootstrapper for test class [br.com.alura.monitoramento.MonitoramentoApplicationTests] from class [org.springframework.boot.test.context.SpringBootTestContextBootstrapper]
13:24:22.766 [main] INFO org.springframework.boot.test.context.SpringBootTestContextBootstrapper - Neither @ContextConfiguration nor @ContextHierarchy found for test class [br.com.alura.monitoramento.MonitoramentoApplicationTests], using SpringBootContextLoader
13:24:22.770 [main] DEBUG org.springframework.test.context.support.AbstractContextLoader - Did not detect default resource location for test class [br.com.alura.monitoramento.MonitoramentoApplicationTests]: class path resource [br/com/alura/monitoramento/MonitoramentoApplicationTests-context.xml] does not exist
13:24:22.770 [main] DEBUG org.springframework.test.context.support.AbstractContextLoader - Did not detect default resource location for test class [br.com.alura.monitoramento.MonitoramentoApplicationTests]: class path resource [br/com/alura/monitoramento/MonitoramentoApplicationTestsContext.groovy] does not exist
13:24:22.771 [main] INFO org.springframework.test.context.support.AbstractContextLoader - Could not detect default resource locations for test class [br.com.alura.monitoramento.MonitoramentoApplicationTests]: no resource found for suffixes {-context.xml, Context.groovy}.
13:24:22.772 [main] INFO org.springframework.test.context.support.AnnotationConfigContextLoaderUtils - Could not detect default configuration classes for test class [br.com.alura.monitoramento.MonitoramentoApplicationTests]: MonitoramentoApplicationTests does not declare any static, non-private, non-final, nested classes annotated with @Configuration.
13:24:22.820 [main] DEBUG org.springframework.test.context.support.ActiveProfilesUtils - Could not find an 'annotation declaring class' for annotation type [org.springframework.test.context.ActiveProfiles] and class [br.com.alura.monitoramento.MonitoramentoApplicationTests]
]]></system-out>
  </testcase>
</testsuite>